TN:
SF:/home/runner/work/pcb2gcode/pcb2gcode/autoleveller.cpp
FN:52,_Z13silent_formatRKNSt7__cxx1112basic_stringIcSt11char_traitsIcESaIcEEE
FN:59,_ZN12autolevellerC2ERKN5boost15program_options13variables_mapEP11uniqueCodesS6_ddN6Tiling8TileInfoE
FN:100,_ZN12autoleveller10getVarNameB5cxx11Eii
FN:105,_Z15computeWorkareaRKSt6vectorISt4pairIdS_ISt10shared_ptrIS_IS0_IddESaIS2_EEESaIS5_EEESaIS8_EE
FN:118,_ZN12autoleveller15prepareWorkareaERKSt6vectorISt4pairIdS0_ISt10shared_ptrIS0_IS1_IddESaIS3_EEESaIS6_EEESaIS9_EE
FN:154,_ZN12autoleveller6headerERSt14basic_ofstreamIcSt11char_traitsIcEE
FN:243,_ZN12autoleveller10footerNoIfERSt14basic_ofstreamIcSt11char_traitsIcEE
FN:306,_ZN12autoleveller16interpolatePointB5cxx11ESt4pairIddE
FN:330,_ZplRKSt4pairIddES2_
FN:334,_ZmiRKSt4pairIddES2_
FN:338,_ZmlRKSt4pairIddES2_
FN:342,_ZdvRKSt4pairIddES2_
FN:346,_ZmlRKSt4pairIddERKd
FN:350,_ZL5floorRKSt4pairIddE
FN:354,_Z17partition_segmentRKSt4pairIddES2_S2_S2_
FN:385,_ZN12autoleveller13addChainPointB5cxx11ESt4pairIddE
FN:407,_ZN12autoleveller12g01CorrectedB5cxx11ESt4pairIddE
FNDA:63890,_Z17partition_segmentRKSt4pairIddES2_S2_S2_
FNDA:0,_ZL5floorRKSt4pairIddE
FNDA:52,_ZN12autoleveller10footerNoIfERSt14basic_ofstreamIcSt11char_traitsIcEE
FNDA:63884,_ZN12autoleveller13addChainPointB5cxx11ESt4pairIddE
FNDA:52,_Z15computeWorkareaRKSt6vectorISt4pairIdS_ISt10shared_ptrIS_IS0_IddESaIS2_EEESaIS5_EEESaIS8_EE
FNDA:52,_ZN12autoleveller6headerERSt14basic_ofstreamIcSt11char_traitsIcEE
FNDA:1365,_ZN12autoleveller12g01CorrectedB5cxx11ESt4pairIddE
FNDA:0,_ZdvRKSt4pairIddES2_
FNDA:0,_ZplRKSt4pairIddES2_
FNDA:0,_Z13silent_formatRKNSt7__cxx1112basic_stringIcSt11char_traitsIcESaIcEEE
FNDA:52,_ZN12autoleveller15prepareWorkareaERKSt6vectorISt4pairIdS0_ISt10shared_ptrIS0_IS1_IddESaIS3_EEESaIS6_EEESaIS9_EE
FNDA:44600,_ZN12autoleveller16interpolatePointB5cxx11ESt4pairIddE
FNDA:0,_ZmlRKSt4pairIddES2_
FNDA:0,_ZmlRKSt4pairIddERKd
FNDA:180590,_ZN12autoleveller10getVarNameB5cxx11Eii
FNDA:0,_ZmiRKSt4pairIddES2_
FNDA:52,_ZN12autolevellerC2ERKN5boost15program_options13variables_mapEP11uniqueCodesS6_ddN6Tiling8TileInfoE
FNF:17
FNH:10
BRDA:55,0,0,1
BRDA:55,0,1,0
BRDA:55,0,2,1
BRDA:55,0,3,0
BRDA:55,0,4,1
BRDA:55,0,5,0
BRDA:55,0,6,1
BRDA:55,0,7,0
BRDA:55,0,8,1
BRDA:55,0,9,0
BRDA:55,0,10,1
BRDA:55,0,11,0
BRDA:55,0,12,1
BRDA:55,0,13,0
BRDA:62,0,0,1
BRDA:62,0,1,0
BRDA:62,0,2,1
BRDA:62,0,3,0
BRDA:62,0,4,1
BRDA:62,0,5,0
BRDA:62,0,6,1
BRDA:62,0,7,0
BRDA:62,0,8,1
BRDA:62,0,9,0
BRDA:62,0,10,1
BRDA:62,0,11,0
BRDA:62,0,12,-
BRDA:62,0,13,-
BRDA:63,0,0,1
BRDA:63,0,1,0
BRDA:63,0,2,1
BRDA:63,0,3,0
BRDA:63,0,4,1
BRDA:63,0,5,0
BRDA:63,0,6,1
BRDA:63,0,7,0
BRDA:63,0,8,1
BRDA:63,0,9,0
BRDA:63,0,10,1
BRDA:63,0,11,0
BRDA:63,0,12,-
BRDA:63,0,13,-
BRDA:64,0,0,1
BRDA:64,0,1,0
BRDA:64,0,2,1
BRDA:64,0,3,0
BRDA:64,0,4,1
BRDA:64,0,5,0
BRDA:64,0,6,1
BRDA:64,0,7,0
BRDA:64,0,8,1
BRDA:64,0,9,0
BRDA:64,0,10,1
BRDA:64,0,11,0
BRDA:64,0,12,-
BRDA:64,0,13,-
BRDA:65,0,0,1
BRDA:65,0,1,0
BRDA:65,0,2,1
BRDA:65,0,3,0
BRDA:65,0,4,1
BRDA:65,0,5,0
BRDA:65,0,6,-
BRDA:65,0,7,-
BRDA:66,0,0,1
BRDA:66,0,1,0
BRDA:66,0,2,1
BRDA:66,0,3,0
BRDA:66,0,4,1
BRDA:66,0,5,0
BRDA:66,0,6,1
BRDA:66,0,7,0
BRDA:66,0,8,1
BRDA:66,0,9,0
BRDA:66,0,10,0
BRDA:66,0,11,1
BRDA:66,0,12,0
BRDA:66,0,13,1
BRDA:66,0,14,1
BRDA:66,0,15,0
BRDA:66,0,16,-
BRDA:66,0,17,-
BRDA:66,0,18,-
BRDA:66,0,19,-
BRDA:67,0,0,1
BRDA:67,0,1,0
BRDA:67,0,2,1
BRDA:67,0,3,0
BRDA:67,0,4,1
BRDA:67,0,5,0
BRDA:67,0,6,-
BRDA:67,0,7,-
BRDA:68,0,0,1
BRDA:68,0,1,0
BRDA:68,0,2,1
BRDA:68,0,3,0
BRDA:68,0,4,1
BRDA:68,0,5,0
BRDA:68,0,6,1
BRDA:68,0,7,0
BRDA:68,0,8,0
BRDA:68,0,9,1
BRDA:68,0,10,1
BRDA:68,0,11,0
BRDA:68,0,12,-
BRDA:68,0,13,-
BRDA:69,0,0,1
BRDA:69,0,1,0
BRDA:69,0,2,1
BRDA:69,0,3,0
BRDA:69,0,4,1
BRDA:69,0,5,0
BRDA:69,0,6,1
BRDA:69,0,7,0
BRDA:69,0,8,1
BRDA:69,0,9,0
BRDA:69,0,10,1
BRDA:69,0,11,0
BRDA:69,0,12,-
BRDA:69,0,13,-
BRDA:70,0,0,1
BRDA:70,0,1,0
BRDA:70,0,2,1
BRDA:70,0,3,0
BRDA:70,0,4,1
BRDA:70,0,5,0
BRDA:70,0,6,1
BRDA:70,0,7,0
BRDA:70,0,8,0
BRDA:70,0,9,1
BRDA:70,0,10,1
BRDA:70,0,11,0
BRDA:70,0,12,1
BRDA:70,0,13,0
BRDA:70,0,14,0
BRDA:70,0,15,1
BRDA:70,0,16,1
BRDA:70,0,17,0
BRDA:70,0,18,-
BRDA:70,0,19,-
BRDA:71,0,0,1
BRDA:71,0,1,0
BRDA:71,0,2,1
BRDA:71,0,3,0
BRDA:71,0,4,1
BRDA:71,0,5,0
BRDA:71,0,6,1
BRDA:71,0,7,0
BRDA:71,0,8,1
BRDA:71,0,9,0
BRDA:71,0,10,1
BRDA:71,0,11,0
BRDA:71,0,12,1
BRDA:71,0,13,0
BRDA:71,0,14,0
BRDA:71,0,15,1
BRDA:71,0,16,1
BRDA:71,0,17,0
BRDA:71,0,18,-
BRDA:71,0,19,-
BRDA:72,0,0,1
BRDA:72,0,1,0
BRDA:72,0,2,1
BRDA:72,0,3,0
BRDA:72,0,4,1
BRDA:72,0,5,0
BRDA:72,0,6,1
BRDA:72,0,7,0
BRDA:72,0,8,1
BRDA:72,0,9,0
BRDA:72,0,10,1
BRDA:72,0,11,0
BRDA:72,0,12,1
BRDA:72,0,13,0
BRDA:72,0,14,0
BRDA:72,0,15,1
BRDA:72,0,16,1
BRDA:72,0,17,0
BRDA:72,0,18,-
BRDA:72,0,19,-
BRDA:73,0,0,1
BRDA:73,0,1,0
BRDA:73,0,2,1
BRDA:73,0,3,0
BRDA:73,0,4,1
BRDA:73,0,5,0
BRDA:73,0,6,1
BRDA:73,0,7,0
BRDA:73,0,8,1
BRDA:73,0,9,0
BRDA:73,0,10,1
BRDA:73,0,11,0
BRDA:73,0,12,1
BRDA:73,0,13,0
BRDA:73,0,14,0
BRDA:73,0,15,1
BRDA:73,0,16,1
BRDA:73,0,17,0
BRDA:73,0,18,-
BRDA:73,0,19,-
BRDA:74,0,0,1
BRDA:74,0,1,0
BRDA:74,0,2,1
BRDA:74,0,3,0
BRDA:74,0,4,1
BRDA:74,0,5,0
BRDA:74,0,6,1
BRDA:74,0,7,0
BRDA:74,0,8,0
BRDA:74,0,9,1
BRDA:74,0,10,1
BRDA:74,0,11,0
BRDA:74,0,12,-
BRDA:74,0,13,-
BRDA:75,0,0,1
BRDA:75,0,1,0
BRDA:75,0,2,1
BRDA:75,0,3,0
BRDA:75,0,4,1
BRDA:75,0,5,0
BRDA:75,0,6,0
BRDA:75,0,7,1
BRDA:75,0,8,1
BRDA:75,0,9,0
BRDA:75,0,10,-
BRDA:75,0,11,-
BRDA:76,0,0,1
BRDA:76,0,1,0
BRDA:76,0,2,1
BRDA:76,0,3,0
BRDA:76,0,4,1
BRDA:76,0,5,0
BRDA:76,0,6,0
BRDA:76,0,7,1
BRDA:76,0,8,1
BRDA:76,0,9,0
BRDA:76,0,10,-
BRDA:76,0,11,-
BRDA:77,0,0,1
BRDA:77,0,1,0
BRDA:77,0,2,1
BRDA:77,0,3,0
BRDA:77,0,4,1
BRDA:77,0,5,0
BRDA:77,0,6,1
BRDA:77,0,7,0
BRDA:77,0,8,1
BRDA:77,0,9,0
BRDA:77,0,10,-
BRDA:77,0,11,-
BRDA:93,0,0,0
BRDA:93,0,1,1
BRDA:93,0,2,0
BRDA:93,0,3,1
BRDA:93,0,4,0
BRDA:93,0,5,1
BRDA:93,0,6,1
BRDA:93,0,7,0
BRDA:93,0,8,1
BRDA:93,0,9,0
BRDA:93,0,10,1
BRDA:93,0,11,0
BRDA:93,0,12,0
BRDA:93,0,13,1
BRDA:93,0,14,1
BRDA:93,0,15,0
BRDA:93,0,16,1
BRDA:93,0,17,0
BRDA:93,0,18,1
BRDA:93,0,19,0
BRDA:93,0,20,1
BRDA:93,0,21,0
BRDA:93,0,22,0
BRDA:93,0,23,1
BRDA:93,0,24,0
BRDA:93,0,25,1
BRDA:93,0,26,0
BRDA:93,0,27,1
BRDA:93,0,28,1
BRDA:93,0,29,0
BRDA:93,0,30,1
BRDA:93,0,31,0
BRDA:93,0,32,1
BRDA:93,0,33,0
BRDA:93,0,34,1
BRDA:93,0,35,0
BRDA:93,0,36,1
BRDA:93,0,37,0
BRDA:93,0,38,0
BRDA:93,0,39,1
BRDA:93,0,40,1
BRDA:93,0,41,0
BRDA:93,0,42,1
BRDA:93,0,43,0
BRDA:93,0,44,1
BRDA:93,0,45,0
BRDA:93,0,46,1
BRDA:93,0,47,0
BRDA:93,0,48,0
BRDA:93,0,49,1
BRDA:93,0,50,1
BRDA:93,0,51,0
BRDA:93,0,52,1
BRDA:93,0,53,0
BRDA:93,0,54,1
BRDA:93,0,55,0
BRDA:93,0,56,1
BRDA:93,0,57,0
BRDA:93,0,58,1
BRDA:93,0,59,0
BRDA:93,0,60,1
BRDA:93,0,61,0
BRDA:93,0,62,1
BRDA:93,0,63,0
BRDA:93,0,64,1
BRDA:93,0,65,0
BRDA:93,0,66,1
BRDA:93,0,67,0
BRDA:93,0,68,1
BRDA:93,0,69,0
BRDA:93,0,70,1
BRDA:93,0,71,0
BRDA:93,0,72,1
BRDA:93,0,73,0
BRDA:93,0,74,1
BRDA:93,0,75,0
BRDA:93,0,76,1
BRDA:93,0,77,0
BRDA:93,0,78,1
BRDA:93,0,79,0
BRDA:93,0,80,1
BRDA:93,0,81,0
BRDA:93,0,82,1
BRDA:93,0,83,0
BRDA:93,0,84,1
BRDA:93,0,85,1
BRDA:93,0,86,1
BRDA:93,0,87,0
BRDA:93,0,88,-
BRDA:93,0,89,-
BRDA:93,0,90,-
BRDA:93,0,91,-
BRDA:93,0,92,-
BRDA:93,0,93,-
BRDA:93,0,94,-
BRDA:93,0,95,-
BRDA:93,0,96,-
BRDA:93,0,97,-
BRDA:93,0,98,-
BRDA:93,0,99,-
BRDA:93,0,100,-
BRDA:93,0,101,-
BRDA:93,0,102,-
BRDA:93,0,103,-
BRDA:93,0,104,-
BRDA:93,0,105,-
BRDA:93,0,106,-
BRDA:93,0,107,-
BRDA:93,0,108,-
BRDA:93,0,109,-
BRDA:93,0,110,-
BRDA:93,0,111,-
BRDA:93,0,112,-
BRDA:93,0,113,-
BRDA:93,0,114,-
BRDA:93,0,115,-
BRDA:93,0,116,-
BRDA:93,0,117,-
BRDA:93,0,118,-
BRDA:93,0,119,-
BRDA:93,0,120,-
BRDA:93,0,121,-
BRDA:93,0,122,-
BRDA:93,0,123,-
BRDA:95,0,0,1
BRDA:95,0,1,0
BRDA:96,0,0,1
BRDA:96,0,1,0
BRDA:97,0,0,1
BRDA:97,0,1,0
BRDA:97,0,2,1
BRDA:97,0,3,0
BRDA:97,0,4,1
BRDA:97,0,5,0
BRDA:97,0,6,1
BRDA:97,0,7,0
BRDA:97,0,8,0
BRDA:97,0,9,1
BRDA:97,0,10,0
BRDA:97,0,11,1
BRDA:97,0,12,0
BRDA:97,0,13,1
BRDA:97,0,14,0
BRDA:97,0,15,1
BRDA:97,0,16,-
BRDA:97,0,17,-
BRDA:97,0,18,-
BRDA:97,0,19,-
BRDA:97,0,20,-
BRDA:97,0,21,-
BRDA:97,0,22,-
BRDA:97,0,23,-
BRDA:102,0,0,1
BRDA:102,0,1,0
BRDA:102,0,2,0
BRDA:102,0,3,1
BRDA:102,0,4,-
BRDA:102,0,5,-
BRDA:108,0,0,1
BRDA:108,0,1,1
BRDA:108,0,2,1
BRDA:108,0,3,1
BRDA:109,0,0,1
BRDA:109,0,1,1
BRDA:109,0,2,1
BRDA:109,0,3,1
BRDA:124,0,0,1
BRDA:124,0,1,0
BRDA:124,0,2,1
BRDA:124,0,3,0
BRDA:125,0,0,1
BRDA:125,0,1,0
BRDA:125,0,2,1
BRDA:125,0,3,0
BRDA:126,0,0,1
BRDA:126,0,1,0
BRDA:126,0,2,1
BRDA:126,0,3,0
BRDA:127,0,0,1
BRDA:127,0,1,0
BRDA:127,0,2,1
BRDA:127,0,3,0
BRDA:129,0,0,1
BRDA:129,0,1,0
BRDA:129,0,2,1
BRDA:129,0,3,0
BRDA:131,0,0,1
BRDA:131,0,1,0
BRDA:131,0,2,1
BRDA:131,0,3,0
BRDA:134,0,0,1
BRDA:134,0,1,0
BRDA:135,0,0,1
BRDA:135,0,1,0
BRDA:138,0,0,1
BRDA:138,0,1,0
BRDA:141,0,0,1
BRDA:141,0,1,0
BRDA:147,0,0,1
BRDA:147,0,1,1
BRDA:147,0,2,1
BRDA:147,0,3,1
BRDA:147,0,4,0
BRDA:147,0,5,1
BRDA:148,0,0,-
BRDA:148,0,1,-
BRDA:148,0,2,-
BRDA:148,0,3,-
BRDA:148,0,4,-
BRDA:148,0,5,-
BRDA:148,0,6,-
BRDA:148,0,7,-
BRDA:148,0,8,-
BRDA:148,0,9,-
BRDA:148,0,10,-
BRDA:148,0,11,-
BRDA:148,0,12,-
BRDA:148,0,13,-
BRDA:148,0,14,-
BRDA:148,0,15,-
BRDA:148,0,16,-
BRDA:148,0,17,-
BRDA:148,0,18,-
BRDA:148,0,19,-
BRDA:148,0,20,-
BRDA:148,0,21,-
BRDA:148,0,22,-
BRDA:148,0,23,-
BRDA:148,0,24,-
BRDA:148,0,25,-
BRDA:149,0,0,-
BRDA:149,0,1,-
BRDA:149,0,2,-
BRDA:149,0,3,-
BRDA:149,0,4,-
BRDA:149,0,5,-
BRDA:149,0,6,-
BRDA:149,0,7,-
BRDA:149,0,8,-
BRDA:149,0,9,-
BRDA:149,0,10,-
BRDA:149,0,11,-
BRDA:149,0,12,-
BRDA:149,0,13,-
BRDA:149,0,14,-
BRDA:149,0,15,-
BRDA:149,0,16,-
BRDA:149,0,17,-
BRDA:149,0,18,-
BRDA:149,0,19,-
BRDA:149,0,20,-
BRDA:149,0,21,-
BRDA:163,0,0,1
BRDA:163,0,1,1
BRDA:166,0,0,1
BRDA:166,0,1,0
BRDA:180,0,0,1
BRDA:180,0,1,1
BRDA:183,0,0,1
BRDA:183,0,1,1
BRDA:186,0,0,1
BRDA:186,0,1,1
BRDA:190,0,0,1
BRDA:190,0,1,1
BRDA:195,0,0,1
BRDA:195,0,1,1
BRDA:201,0,0,1
BRDA:201,0,1,0
BRDA:201,0,2,1
BRDA:201,0,3,0
BRDA:201,0,4,1
BRDA:201,0,5,0
BRDA:201,0,6,1
BRDA:201,0,7,0
BRDA:205,0,0,1
BRDA:205,0,1,1
BRDA:209,0,0,1
BRDA:209,0,1,1
BRDA:220,0,0,1
BRDA:220,0,1,1
BRDA:223,0,0,1
BRDA:223,0,1,1
BRDA:227,0,0,1
BRDA:227,0,1,0
BRDA:227,0,2,1
BRDA:227,0,3,0
BRDA:227,0,4,1
BRDA:227,0,5,0
BRDA:227,0,6,1
BRDA:227,0,7,0
BRDA:227,0,8,0
BRDA:227,0,9,1
BRDA:227,0,10,-
BRDA:227,0,11,-
BRDA:234,0,0,1
BRDA:234,0,1,1
BRDA:238,0,0,1
BRDA:238,0,1,1
BRDA:247,0,0,1
BRDA:247,0,1,1
BRDA:248,0,0,1
BRDA:248,0,1,1
BRDA:250,0,0,1
BRDA:250,0,1,1
BRDA:252,0,0,1
BRDA:252,0,1,0
BRDA:252,0,2,1
BRDA:252,0,3,0
BRDA:252,0,4,1
BRDA:252,0,5,0
BRDA:253,0,0,1
BRDA:253,0,1,0
BRDA:276,0,0,1
BRDA:276,0,1,0
BRDA:276,0,2,1
BRDA:276,0,3,0
BRDA:276,0,4,1
BRDA:276,0,5,0
BRDA:276,0,6,0
BRDA:276,0,7,1
BRDA:276,0,8,-
BRDA:276,0,9,-
BRDA:276,0,10,-
BRDA:276,0,11,-
BRDA:277,0,0,1
BRDA:277,0,1,0
BRDA:277,0,2,1
BRDA:277,0,3,0
BRDA:277,0,4,1
BRDA:277,0,5,0
BRDA:277,0,6,1
BRDA:277,0,7,0
BRDA:277,0,8,1
BRDA:277,0,9,0
BRDA:277,0,10,1
BRDA:277,0,11,0
BRDA:277,0,12,0
BRDA:277,0,13,1
BRDA:277,0,14,-
BRDA:277,0,15,-
BRDA:279,0,0,1
BRDA:279,0,1,0
BRDA:279,0,2,1
BRDA:279,0,3,0
BRDA:279,0,4,1
BRDA:279,0,5,0
BRDA:286,0,0,0
BRDA:286,0,1,1
BRDA:288,0,0,1
BRDA:288,0,1,0
BRDA:288,0,2,1
BRDA:288,0,3,0
BRDA:288,0,4,1
BRDA:288,0,5,0
BRDA:288,0,6,1
BRDA:288,0,7,0
BRDA:288,0,8,1
BRDA:288,0,9,0
BRDA:288,0,10,1
BRDA:288,0,11,0
BRDA:288,0,12,0
BRDA:288,0,13,1
BRDA:288,0,14,-
BRDA:288,0,15,-
BRDA:290,0,0,1
BRDA:290,0,1,0
BRDA:290,0,2,1
BRDA:290,0,3,0
BRDA:290,0,4,1
BRDA:290,0,5,0
BRDA:291,0,0,1
BRDA:291,0,1,0
BRDA:291,0,2,1
BRDA:291,0,3,0
BRDA:291,0,4,1
BRDA:291,0,5,0
BRDA:291,0,6,1
BRDA:291,0,7,0
BRDA:291,0,8,1
BRDA:291,0,9,0
BRDA:291,0,10,1
BRDA:291,0,11,0
BRDA:291,0,12,0
BRDA:291,0,13,1
BRDA:291,0,14,-
BRDA:291,0,15,-
BRDA:296,0,0,1
BRDA:296,0,1,0
BRDA:296,0,2,1
BRDA:296,0,3,0
BRDA:296,0,4,1
BRDA:296,0,5,0
BRDA:296,0,6,1
BRDA:296,0,7,0
BRDA:296,0,8,1
BRDA:296,0,9,0
BRDA:296,0,10,1
BRDA:296,0,11,0
BRDA:296,0,12,0
BRDA:296,0,13,1
BRDA:296,0,14,-
BRDA:296,0,15,-
BRDA:303,0,0,1
BRDA:303,0,1,1
BRDA:303,0,2,1
BRDA:303,0,3,1
BRDA:314,0,0,0
BRDA:314,0,1,1
BRDA:317,0,0,0
BRDA:317,0,1,1
BRDA:322,0,0,1
BRDA:322,0,1,0
BRDA:323,0,0,1
BRDA:323,0,1,0
BRDA:323,0,2,1
BRDA:323,0,3,0
BRDA:323,0,4,0
BRDA:323,0,5,1
BRDA:323,0,6,-
BRDA:323,0,7,-
BRDA:324,0,0,1
BRDA:324,0,1,0
BRDA:324,0,2,1
BRDA:324,0,3,0
BRDA:324,0,4,0
BRDA:324,0,5,1
BRDA:324,0,6,-
BRDA:324,0,7,-
BRDA:325,0,0,1
BRDA:325,0,1,0
BRDA:325,0,2,1
BRDA:325,0,3,0
BRDA:325,0,4,0
BRDA:325,0,5,1
BRDA:325,0,6,-
BRDA:325,0,7,-
BRDA:326,0,0,1
BRDA:326,0,1,0
BRDA:326,0,2,0
BRDA:326,0,3,1
BRDA:326,0,4,-
BRDA:326,0,5,-
BRDA:327,0,0,1
BRDA:327,0,1,0
BRDA:327,0,2,1
BRDA:327,0,3,0
BRDA:327,0,4,1
BRDA:327,0,5,0
BRDA:356,0,0,1
BRDA:356,0,1,1
BRDA:360,0,0,-
BRDA:360,0,1,-
BRDA:361,0,0,1
BRDA:361,0,1,1
BRDA:362,0,0,1
BRDA:362,0,1,0
BRDA:362,0,2,1
BRDA:362,0,3,0
BRDA:362,0,4,1
BRDA:362,0,5,0
BRDA:363,0,0,1
BRDA:363,0,1,0
BRDA:367,0,0,1
BRDA:367,0,1,1
BRDA:368,0,0,1
BRDA:368,0,1,1
BRDA:368,0,2,1
BRDA:368,0,3,1
BRDA:368,0,4,1
BRDA:368,0,5,1
BRDA:368,0,6,1
BRDA:368,0,7,1
BRDA:369,0,0,1
BRDA:369,0,1,1
BRDA:369,0,2,1
BRDA:369,0,3,1
BRDA:369,0,4,1
BRDA:369,0,5,1
BRDA:370,0,0,1
BRDA:370,0,1,1
BRDA:370,0,2,1
BRDA:370,0,3,1
BRDA:374,0,0,1
BRDA:374,0,1,1
BRDA:374,0,2,1
BRDA:374,0,3,1
BRDA:381,0,0,1
BRDA:381,0,1,0
BRDA:387,0,0,1
BRDA:387,0,1,0
BRDA:388,0,0,1
BRDA:388,0,1,0
BRDA:391,0,0,1
BRDA:391,0,1,0
BRDA:391,0,2,1
BRDA:391,0,3,0
BRDA:391,0,4,1
BRDA:391,0,5,0
BRDA:391,0,6,0
BRDA:391,0,7,1
BRDA:393,0,0,1
BRDA:393,0,1,1
BRDA:394,0,0,1
BRDA:394,0,1,1
BRDA:394,0,2,1
BRDA:394,0,3,1
BRDA:394,0,4,1
BRDA:394,0,5,1
BRDA:395,0,0,1
BRDA:395,0,1,0
BRDA:395,0,2,1
BRDA:395,0,3,0
BRDA:395,0,4,1
BRDA:395,0,5,0
BRDA:395,0,6,1
BRDA:395,0,7,0
BRDA:395,0,8,1
BRDA:395,0,9,0
BRDA:395,0,10,1
BRDA:395,0,11,0
BRDA:395,0,12,1
BRDA:395,0,13,0
BRDA:395,0,14,-
BRDA:395,0,15,-
BRDA:397,0,0,1
BRDA:397,0,1,1
BRDA:397,0,2,1
BRDA:397,0,3,1
BRDA:397,0,4,1
BRDA:397,0,5,1
BRDA:398,0,0,1
BRDA:398,0,1,0
BRDA:398,0,2,1
BRDA:398,0,3,0
BRDA:398,0,4,1
BRDA:398,0,5,0
BRDA:398,0,6,-
BRDA:398,0,7,-
BRDA:399,0,0,1
BRDA:399,0,1,0
BRDA:399,0,2,1
BRDA:399,0,3,0
BRDA:399,0,4,1
BRDA:399,0,5,0
BRDA:399,0,6,1
BRDA:399,0,7,0
BRDA:399,0,8,1
BRDA:399,0,9,0
BRDA:399,0,10,1
BRDA:399,0,11,0
BRDA:399,0,12,-
BRDA:399,0,13,-
BRDA:399,0,14,-
BRDA:399,0,15,-
BRDA:403,0,0,1
BRDA:403,0,1,0
BRDA:404,0,0,1
BRDA:404,0,1,0
BRDA:409,0,0,1
BRDA:409,0,1,1
BRDA:410,0,0,1
BRDA:410,0,1,0
BRDA:410,0,2,1
BRDA:410,0,3,0
BRDA:410,0,4,1
BRDA:410,0,5,0
BRDA:410,0,6,1
BRDA:410,0,7,0
BRDA:412,0,0,1
BRDA:412,0,1,0
BRDA:412,0,2,1
BRDA:412,0,3,0
BRDA:412,0,4,1
BRDA:412,0,5,0
BRDA:412,0,6,1
BRDA:412,0,7,0
BRDA:412,0,8,1
BRDA:412,0,9,0
BRDA:412,0,10,0
BRDA:412,0,11,1
BRDA:412,0,12,0
BRDA:412,0,13,1
BRDA:412,0,14,0
BRDA:412,0,15,1
BRDA:412,0,16,0
BRDA:412,0,17,1
BRDA:412,0,18,0
BRDA:412,0,19,1
BRDA:412,0,20,-
BRDA:412,0,21,-
BRDA:412,0,22,-
BRDA:412,0,23,-
BRDA:412,0,24,-
BRDA:412,0,25,-
BRDA:412,0,26,-
BRDA:412,0,27,-
BRDA:412,0,28,-
BRDA:412,0,29,-
BRF:848
BRH:385
DA:52,0
DA:54,0
DA:55,24242
DA:56,24242
DA:59,52
DA:61,52
DA:62,156
DA:63,156
DA:64,156
DA:65,104
DA:66,156
DA:67,104
DA:68,156
DA:69,156
DA:70,208
DA:71,208
DA:72,208
DA:73,208
DA:74,156
DA:75,156
DA:76,156
DA:77,156
DA:80,52
DA:81,52
DA:82,52
DA:91,52
DA:92,52
DA:93,1040
DA:95,52
DA:96,52
DA:97,52
DA:98,52
DA:100,180590
DA:102,180590
DA:105,52
DA:106,52
DA:108,218
DA:109,1416
DA:110,1845
DA:111,1230
DA:115,52
DA:118,52
DA:119,52
DA:120,52
DA:121,52
DA:123,52
DA:124,104
DA:125,104
DA:126,104
DA:127,104
DA:129,104
DA:130,52
DA:131,104
DA:132,52
DA:134,52
DA:135,52
DA:137,52
DA:138,52
DA:140,52
DA:141,52
DA:143,52
DA:144,52
DA:145,52
DA:147,124
DA:148,0
DA:149,0
DA:152,52
DA:154,52
DA:156,52
DA:161,52
DA:163,52
DA:164,32
DA:166,52
DA:168,52
DA:169,52
DA:173,0
DA:174,0
DA:176,52
DA:177,52
DA:178,52
DA:179,52
DA:180,52
DA:181,32
DA:182,104
DA:183,52
DA:184,52
DA:185,52
DA:186,52
DA:187,52
DA:188,52
DA:189,52
DA:190,52
DA:191,52
DA:192,52
DA:193,52
DA:195,52
DA:197,32
DA:198,32
DA:199,32
DA:200,32
DA:201,64
DA:205,360
DA:206,340
DA:207,340
DA:208,340
DA:209,340
DA:211,180
DA:212,180
DA:213,180
DA:216,160
DA:217,160
DA:218,160
DA:220,340
DA:221,20
DA:223,2530
DA:224,2190
DA:225,2190
DA:226,2190
DA:227,2190
DA:232,52
DA:233,52
DA:234,52
DA:235,32
DA:236,52
DA:237,52
DA:238,52
DA:239,20
DA:240,52
DA:241,52
DA:243,52
DA:245,52
DA:246,52
DA:247,52
DA:248,52
DA:250,52
DA:252,32
DA:253,32
DA:255,32
DA:256,32
DA:260,0
DA:261,0
DA:263,32
DA:264,32
DA:265,32
DA:266,32
DA:267,32
DA:268,32
DA:269,32
DA:270,32
DA:271,32
DA:272,32
DA:273,32
DA:274,32
DA:275,32
DA:276,64
DA:277,64
DA:278,32
DA:279,32
DA:280,32
DA:281,32
DA:282,32
DA:283,32
DA:284,32
DA:285,32
DA:286,32
DA:287,32
DA:288,64
DA:289,32
DA:290,32
DA:291,32
DA:292,32
DA:293,32
DA:294,32
DA:295,32
DA:296,64
DA:297,32
DA:299,52
DA:303,89200
DA:306,44600
DA:308,44600
DA:309,44600
DA:310,44600
DA:311,44600
DA:313,44600
DA:314,44600
DA:316,44600
DA:317,44600
DA:319,44600
DA:320,44600
DA:322,44600
DA:323,133800
DA:324,133800
DA:325,133800
DA:326,133800
DA:327,89200
DA:330,0
DA:331,1212588
DA:334,0
DA:335,1347320
DA:338,0
DA:339,538928
DA:342,0
DA:343,673660
DA:346,0
DA:347,134732
DA:350,0
DA:351,134732
DA:354,63890
DA:356,63890
DA:357,2732
DA:359,62524
DA:360,62524
DA:361,129890
DA:362,202098
DA:363,67366
DA:365,202098
DA:366,67366
DA:367,404196
DA:368,1077856
DA:369,808392
DA:370,269464
DA:372,2377
DA:374,269464
DA:376,2558
DA:379,67366
DA:381,62524
DA:382,125048
DA:385,63884
DA:387,63884
DA:388,63884
DA:389,63884
DA:391,191652
DA:393,63884
DA:394,159827
DA:395,47234
DA:397,297660
DA:398,43700
DA:399,87400
DA:403,63884
DA:404,127768
DA:407,1365
DA:409,1365
DA:410,465
DA:412,900
LF:244
LH:230
end_of_record
